FmRadio/app/build/outputs/logs/manifest-merger-debug-report.txt
-- Merging decision tree log ---
manifest
ADDED from AndroidManifest.xml:46:1
	package
		ADDED from AndroidManifest.xml:47:5
		INJECTED from AndroidManifest.xml:0:0
		INJECTED from AndroidManifest.xml:0:0
	android:versionName
		ADDED from AndroidManifest.xml:49:5
	android:versionCode
		ADDED from AndroidManifest.xml:48:5
		INJECTED from AndroidManifest.xml:0:0
		INJECTED from AndroidManifest.xml:0:0
	xmlns:android
		ADDED from AndroidManifest.xml:46:11
	android:minSdkVersion
		ADDED from AndroidManifest.xml:50:5
permission#android.permission.ACCESS_FM_RECEIVER
ADDED from AndroidManifest.xml:54:5
	android:label
		ADDED from AndroidManifest.xml:58:9
	android:protectionLevel
		ADDED from AndroidManifest.xml:56:9
	android:permissionGroup
		ADDED from AndroidManifest.xml:55:9
	android:description
		ADDED from AndroidManifest.xml:57:9
	android:name
		ADDED from AndroidManifest.xml:54:17
uses-permission#android.permission.ACCESS_FM_RECEIVER
ADDED from AndroidManifest.xml:60:5
	android:name
		ADDED from AndroidManifest.xml:60:22
uses-permission#android.permission.BLUETOOTH
ADDED from AndroidManifest.xml:61:5
	android:name
		ADDED from AndroidManifest.xml:61:22
uses-permission#android.permission.BLUETOOTH_ADMIN
ADDED from AndroidManifest.xml:62:5
	android:name
		ADDED from AndroidManifest.xml:62:22
uses-permission#android.permission.INTERNET
ADDED from AndroidManifest.xml:63:5
	android:name
		ADDED from AndroidManifest.xml:63:22
uses-permission#android.permission.READ_PHONE_STATE
ADDED from AndroidManifest.xml:64:5
	android:name
		ADDED from AndroidManifest.xml:64:22
uses-permission#android.permission.MODIFY_AUDIO_SETTINGS
ADDED from AndroidManifest.xml:65:5
	android:name
		ADDED from AndroidManifest.xml:65:22
application
ADDED from AndroidManifest.xml:66:5
	android:label
		ADDED from AndroidManifest.xml:66:48
	android:icon
		ADDED from AndroidManifest.xml:66:18
uses-library#com.broadcom.bt
ADDED from AndroidManifest.xml:67:9
	android:name
		ADDED from AndroidManifest.xml:67:23
activity#com.broadcom.bt.app.fm.rx.FmRadio
ADDED from AndroidManifest.xml:68:9
	android:clearTaskOnLaunch
		ADDED from AndroidManifest.xml:74:19
	android:screenOrientation
		ADDED from AndroidManifest.xml:72:19
	android:label
		ADDED from AndroidManifest.xml:69:19
	android:launchMode
		ADDED from AndroidManifest.xml:73:19
	android:configChanges
		ADDED from AndroidManifest.xml:70:19
	android:theme
		ADDED from AndroidManifest.xml:71:19
	android:name
		ADDED from AndroidManifest.xml:68:19
intent-filter#android.intent.action.MAIN+android.intent.category.LAUNCHER
ADDED from AndroidManifest.xml:76:13
action#android.intent.action.MAIN
ADDED from AndroidManifest.xml:77:17
	android:name
		ADDED from AndroidManifest.xml:77:25
category#android.intent.category.LAUNCHER
ADDED from AndroidManifest.xml:78:17
	android:name
		ADDED from AndroidManifest.xml:78:27
activity#com.broadcom.bt.app.fm.rx.FmRadioSettings
ADDED from AndroidManifest.xml:82:9
	android:clearTaskOnLaunch
		ADDED from AndroidManifest.xml:86:13
	android:screenOrientation
		ADDED from AndroidManifest.xml:85:13
	android:label
		ADDED from AndroidManifest.xml:83:13
	android:configChanges
		ADDED from AndroidManifest.xml:84:13
	android:name
		ADDED from AndroidManifest.xml:82:19
intent-filter#android.intent.action.MAIN+android.intent.category.DEVELOPMENT_PREFERENCE
ADDED from AndroidManifest.xml:88:13
category#android.intent.category.DEVELOPMENT_PREFERENCE
ADDED from AndroidManifest.xml:90:17
	android:name
		ADDED from AndroidManifest.xml:90:27
service#com.broadcom.bt.app.fm.rx.FmRadioService
ADDED from AndroidManifest.xml:93:5
	android:enabled
		ADDED from AndroidManifest.xml:95:12
	android:name
		ADDED from AndroidManifest.xml:94:12
intent-filter#com.broadcom.bt.app.fm.rx.FmRadioService
ADDED from AndroidManifest.xml:96:12
action#com.broadcom.bt.app.fm.rx.FmRadioService
ADDED from AndroidManifest.xml:97:16
	android:name
		ADDED from AndroidManifest.xml:97:24